2023-05-22 04:14:36 notice: Undefined property: UsersController::$Authentication in /mnt/c/Users/wesle/Desktop/Github Desktop/PualHypePage_HRLeaveSite/cakephp/src/Controller/UsersController.php on line 109
Request URL: /users/login
Client IP: 127.0.0.1
Trace:
Cake\Controller\Controller::__get() /mnt/c/Users/wesle/Desktop/Github Desktop/PualHypePage_HRLeaveSite/cakephp/vendor/cakephp/cakephp/src/Controller/Controller.php, line 337
App\Controller\UsersController::login() /mnt/c/Users/wesle/Desktop/Github Desktop/PualHypePage_HRLeaveSite/cakephp/src/Controller/UsersController.php, line 109
Cake\Controller\Controller::invokeAction() /mnt/c/Users/wesle/Desktop/Github Desktop/PualHypePage_HRLeaveSite/cakephp/vendor/cakephp/cakephp/src/Controller/Controller.php, line 547
Cake\Controller\ControllerFactory::handle() /mnt/c/Users/wesle/Desktop/Github Desktop/PualHypePage_HRLeaveSite/cakephp/vendor/cakephp/cakephp/src/Controller/ControllerFactory.php, line 139
Cake\Controller\ControllerFactory::invoke() /mnt/c/Users/wesle/Desktop/Github Desktop/PualHypePage_HRLeaveSite/cakephp/vendor/cakephp/cakephp/src/Controller/ControllerFactory.php, line 114
Cake\Http\BaseApplication::handle() /mnt/c/Users/wesle/Desktop/Github Desktop/PualHypePage_HRLeaveSite/cakephp/vendor/cakephp/cakephp/src/Http/BaseApplication.php, line 320
Cake\Http\Runner::handle() /mnt/c/Users/wesle/Desktop/Github Desktop/PualHypePage_HRLeaveSite/cakephp/vendor/cakephp/cakephp/src/Http/Runner.php, line 86
Cake\Http\Middleware\CsrfProtectionMiddleware::process() /mnt/c/Users/wesle/Desktop/Github Desktop/PualHypePage_HRLeaveSite/cakephp/vendor/cakephp/cakephp/src/Http/Middleware/CsrfProtectionMiddleware.php, line 174
Cake\Http\Runner::handle() /mnt/c/Users/wesle/Desktop/Github Desktop/PualHypePage_HRLeaveSite/cakephp/vendor/cakephp/cakephp/src/Http/Runner.php, line 82
Cake\Http\Middleware\BodyParserMiddleware::process() /mnt/c/Users/wesle/Desktop/Github Desktop/PualHypePage_HRLeaveSite/cakephp/vendor/cakephp/cakephp/src/Http/Middleware/BodyParserMiddleware.php, line 157
Cake\Http\Runner::handle() /mnt/c/Users/wesle/Desktop/Github Desktop/PualHypePage_HRLeaveSite/cakephp/vendor/cakephp/cakephp/src/Http/Runner.php, line 82
Cake\Routing\Middleware\RoutingMiddleware::process() /mnt/c/Users/wesle/Desktop/Github Desktop/PualHypePage_HRLeaveSite/cakephp/vendor/cakephp/cakephp/src/Routing/Middleware/RoutingMiddleware.php, line 186
Cake\Http\Runner::handle() /mnt/c/Users/wesle/Desktop/Github Desktop/PualHypePage_HRLeaveSite/cakephp/vendor/cakephp/cakephp/src/Http/Runner.php, line 82
Cake\Routing\Middleware\AssetMiddleware::process() /mnt/c/Users/wesle/Desktop/Github Desktop/PualHypePage_HRLeaveSite/cakephp/vendor/cakephp/cakephp/src/Routing/Middleware/AssetMiddleware.php, line 68
Cake\Http\Runner::handle() /mnt/c/Users/wesle/Desktop/Github Desktop/PualHypePage_HRLeaveSite/cakephp/vendor/cakephp/cakephp/src/Http/Runner.php, line 82
Cake\Error\Middleware\ErrorHandlerMiddleware::process() /mnt/c/Users/wesle/Desktop/Github Desktop/PualHypePage_HRLeaveSite/cakephp/vendor/cakephp/cakephp/src/Error/Middleware/ErrorHandlerMiddleware.php, line 131
Cake\Http\Runner::handle() /mnt/c/Users/wesle/Desktop/Github Desktop/PualHypePage_HRLeaveSite/cakephp/vendor/cakephp/cakephp/src/Http/Runner.php, line 82
DebugKit\Middleware\DebugKitMiddleware::process() /mnt/c/Users/wesle/Desktop/Github Desktop/PualHypePage_HRLeaveSite/cakephp/vendor/cakephp/debug_kit/src/Middleware/DebugKitMiddleware.php, line 60
Cake\Http\Runner::handle() /mnt/c/Users/wesle/Desktop/Github Desktop/PualHypePage_HRLeaveSite/cakephp/vendor/cakephp/cakephp/src/Http/Runner.php, line 82
Cake\Http\Runner::run() /mnt/c/Users/wesle/Desktop/Github Desktop/PualHypePage_HRLeaveSite/cakephp/vendor/cakephp/cakephp/src/Http/Runner.php, line 67
Cake\Http\Server::run() /mnt/c/Users/wesle/Desktop/Github Desktop/PualHypePage_HRLeaveSite/cakephp/vendor/cakephp/cakephp/src/Http/Server.php, line 90
[main] /mnt/c/Users/wesle/Desktop/Github Desktop/PualHypePage_HRLeaveSite/cakephp/webroot/index.php, line 40

